<?xml version="1.0" encoding="UTF-8"?>
<!-- Generated by org.testng.reporters.JUnitXMLReporter -->
<testsuite hostname="hog-rider" ignored="0" name="Command line test" tests="4" failures="0" timestamp="13 Feb 2019 00:42:31 GMT" time="3.183" errors="0">
  <testcase name="shouldContainKeyword" time="2.587" classname="com.sportdec.application.service.GithubServiceTest"/>
  <testcase name="shouldThrowIllegalStateException" time="0.494" classname="com.sportdec.application.service.TwitterServiceTest"/>
  <testcase name="shouldThrowMissingPropertyException" time="0.055" classname="com.sportdec.application.service.TwitterServiceTest"/>
  <testcase name="shouldThrowTwitterException" time="0.002" classname="com.sportdec.application.service.TwitterServiceTest"/>
</testsuite> <!-- Command line test -->
